<?xml version="1.0" encoding="utf-8"?><testsuites name="pytest tests"><testsuite name="pytest" errors="0" failures="0" skipped="0" tests="14" time="6.044" timestamp="2026-07-16T20:17:45.816991+00:00" hostname="agent-env-7dc8dffb-70ee-4703-abd6-d1fa117b467b"><testcase classname="tests.test_account_endpoints.TestAuthRequired" name="test_preferences_get_401" time="0.263" /><testcase classname="tests.test_account_endpoints.TestAuthRequired" name="test_preferences_put_401" time="0.254" /><testcase classname="tests.test_account_endpoints.TestAuthRequired" name="test_profile_401" time="0.313" /><testcase classname="tests.test_account_endpoints.TestChangePassword" name="test_wrong_current" time="0.823" /><testcase classname="tests.test_account_endpoints.TestAuthRequired" name="test_change_pw_401" time="0.342" /><testcase classname="tests.test_account_endpoints.TestAuthRequired" name="test_delete_401" time="0.283" /><testcase classname="tests.test_account_endpoints.TestChangePassword" name="test_same_as_current" time="0.639" /><testcase classname="tests.test_account_endpoints.TestPreferences" name="test_default_and_update" time="1.087" /><testcase classname="tests.test_account_endpoints.TestChangePassword" name="test_success_and_relogin" time="2.046" /><testcase classname="tests.test_account_endpoints.TestProfile" name="test_update_name" time="0.699" /><testcase classname="tests.test_account_endpoints.TestAdminRegression" name="test_admin_login_works" time="0.480" /><testcase classname="tests.test_account_endpoints.TestDeleteAccount" name="test_admin_cannot_delete" time="0.583" /><testcase classname="tests.test_account_endpoints.TestDeleteAccount" name="test_wrong_password" time="0.765" /><testcase classname="tests.test_account_endpoints.TestDeleteAccount" name="test_success" time="0.837" /></testsuite></testsuites>