<?xml version="1.0" encoding="utf-8"?><testsuites name="pytest tests"><testsuite name="pytest" errors="0" failures="0" skipped="0" tests="15" time="2.821" timestamp="2026-07-09T15:12:06.400487+00:00" hostname="agent-env-7dc8dffb-70ee-4703-abd6-d1fa117b467b"><testcase classname="tests.test_admin_rbac.TestAdminStats" name="test_stats_ok_for_admin" time="0.672" /><testcase classname="tests.test_admin_rbac.TestAdminUsers" name="test_list_users_admin" time="1.193" /><testcase classname="tests.test_admin_rbac.TestAdminStats" name="test_stats_forbidden_for_user" time="0.588" /><testcase classname="tests.test_admin_rbac.TestAdminUsers" name="test_list_users_forbidden" time="0.050" /><testcase classname="tests.test_admin_rbac.TestAdminUsers" name="test_role_change_and_back" time="0.174" /><testcase classname="tests.test_admin_rbac.TestAdminStats" name="test_stats_unauth" time="0.109" /><testcase classname="tests.test_admin_rbac.TestRegression" name="test_normal_login_and_me" time="0.372" /><testcase classname="tests.test_admin_rbac.TestAdminUsers" name="test_admin_cannot_self_demote" time="0.046" /><testcase classname="tests.test_admin_rbac.TestAdminUsers" name="test_role_change_forbidden_for_user" time="0.231" /><testcase classname="tests.test_admin_rbac.TestAdminUsers" name="test_invalid_role" time="0.047" /><testcase classname="tests.test_admin_rbac.TestRegression" name="test_tracker_add_by_url" time="0.577" /><testcase classname="tests.test_admin_rbac.TestAdminUsers" name="test_role_invalid_id" time="0.082" /><testcase classname="tests.test_admin_rbac.TestAdminUsers" name="test_admin_cannot_self_delete" time="0.052" /><testcase classname="tests.test_admin_rbac.TestAdminUsers" name="test_delete_user_forbidden_for_user" time="0.047" /><testcase classname="tests.test_admin_rbac.TestAdminUsers" name="test_delete_throwaway_user" time="0.574" /></testsuite></testsuites>