<?xml version="1.0" encoding="utf-8"?><testsuites name="pytest tests"><testsuite name="pytest" errors="0" failures="0" skipped="0" tests="15" time="3.738" timestamp="2026-07-02T18:45:18.198945+00:00" hostname="agent-env-7dc8dffb-70ee-4703-abd6-d1fa117b467b"><testcase classname="tests.test_admin_rbac.TestAdminStats" name="test_stats_ok_for_admin" time="0.900" /><testcase classname="tests.test_admin_rbac.TestAdminUsers" name="test_list_users_admin" time="1.475" /><testcase classname="tests.test_admin_rbac.TestAdminStats" name="test_stats_forbidden_for_user" time="0.625" /><testcase classname="tests.test_admin_rbac.TestAdminUsers" name="test_list_users_forbidden" time="0.105" /><testcase classname="tests.test_admin_rbac.TestAdminStats" name="test_stats_unauth" time="0.192" /><testcase classname="tests.test_admin_rbac.TestAdminUsers" name="test_role_change_and_back" time="0.234" /><testcase classname="tests.test_admin_rbac.TestRegression" name="test_normal_login_and_me" time="0.467" /><testcase classname="tests.test_admin_rbac.TestAdminUsers" name="test_admin_cannot_self_demote" time="0.068" /><testcase classname="tests.test_admin_rbac.TestAdminUsers" name="test_role_change_forbidden_for_user" time="0.237" /><testcase classname="tests.test_admin_rbac.TestAdminUsers" name="test_invalid_role" time="0.069" /><testcase classname="tests.test_admin_rbac.TestRegression" name="test_tracker_add_by_url" time="0.862" /><testcase classname="tests.test_admin_rbac.TestAdminUsers" name="test_role_invalid_id" time="0.073" /><testcase classname="tests.test_admin_rbac.TestAdminUsers" name="test_admin_cannot_self_delete" time="0.066" /><testcase classname="tests.test_admin_rbac.TestAdminUsers" name="test_delete_user_forbidden_for_user" time="0.064" /><testcase classname="tests.test_admin_rbac.TestAdminUsers" name="test_delete_throwaway_user" time="0.755" /></testsuite></testsuites>