<?xml version="1.0" encoding="utf-8"?><testsuites name="pytest tests"><testsuite name="pytest" errors="0" failures="0" skipped="0" tests="7" time="23.672" timestamp="2026-07-02T23:50:31.207555+00:00" hostname="agent-env-7dc8dffb-70ee-4703-abd6-d1fa117b467b"><testcase classname="tests.test_advisor" name="test_suggestions_shape_and_personalized" time="0.509" /><testcase classname="tests.test_advisor" name="test_suggestions_requires_auth" time="0.141" /><testcase classname="tests.test_advisor" name="test_chat_streaming_session_prefix_and_powershell" time="9.051" /><testcase classname="tests.test_advisor" name="test_chat_context_aware" time="13.202" /><testcase classname="tests.test_advisor" name="test_sessions_created_and_listed" time="0.051" /><testcase classname="tests.test_advisor" name="test_session_messages_saved" time="0.042" /><testcase classname="tests.test_advisor" name="test_delete_session" time="0.137" /></testsuite></testsuites>