<?xml version="1.0" encoding="utf-8"?><testsuites name="pytest tests"><testsuite name="pytest" errors="0" failures="0" skipped="0" tests="7" time="2.801" timestamp="2026-07-31T23:10:17.184366+00:00" hostname="agent-env-a0dd0ccb-c12c-4e20-946e-d9daea9667d9"><testcase classname="tests.test_ai_credits" name="test_credits_streamer_unlimited" time="0.318" /><testcase classname="tests.test_ai_credits" name="test_credits_starter_mode" time="0.207" /><testcase classname="tests.test_ai_credits" name="test_chat_consumes_welcome" time="1.598" /><testcase classname="tests.test_ai_credits" name="test_chat_no_credits_returns_402" time="0.051" /><testcase classname="tests.test_ai_credits" name="test_mission_grants_earned_credits" time="0.173" /><testcase classname="tests.test_ai_credits" name="test_diagnose_starter_gated" time="0.046" /><testcase classname="tests.test_ai_credits" name="test_zzz_restore_starter_state" time="0.257" /></testsuite></testsuites>