<?xml version="1.0" encoding="utf-8"?><testsuites name="pytest tests"><testsuite name="pytest" errors="0" failures="0" skipped="0" tests="10" time="2.149" timestamp="2026-07-03T07:59:46.672332+00:00" hostname="agent-env-7dc8dffb-70ee-4703-abd6-d1fa117b467b"><testcase classname="tests.test_alerts_fps.TestAlerts" name="test_get_alerts_defaults_or_saved" time="0.388" /><testcase classname="tests.test_alerts_fps.TestAlerts" name="test_put_alerts_persists" time="0.088" /><testcase classname="tests.test_alerts_fps.TestAlerts" name="test_put_alerts_disable" time="0.125" /><testcase classname="tests.test_alerts_fps.TestFpsTelemetry" name="test_telemetry_with_fps_game" time="0.691" /><testcase classname="tests.test_alerts_fps.TestTempAlertNoCrash" name="test_high_gpu_triggers_no_error" time="0.283" /><testcase classname="tests.test_alerts_fps.TestTempAlertNoCrash" name="test_telemetry_bad_token" time="0.119" /><testcase classname="tests.test_alerts_fps.TestAgentScriptMonitor" name="test_monitor_script_contains_fps" time="0.153" /><testcase classname="tests.test_alerts_fps.TestAgentScriptMonitor" name="test_invalid_token_script" time="0.096" /><testcase classname="tests.test_alerts_fps.TestProfilesRegression" name="test_profiles_templates" time="0.041" /><testcase classname="tests.test_alerts_fps.TestProfilesRegression" name="test_profiles_list" time="0.083" /></testsuite></testsuites>