<?xml version="1.0" encoding="utf-8"?><testsuites name="pytest tests"><testsuite name="pytest" errors="0" failures="0" skipped="0" tests="17" time="2.393" timestamp="2026-07-06T14:30:52.953338+00:00" hostname="agent-env-7dc8dffb-70ee-4703-abd6-d1fa117b467b"><testcase classname="tests.test_fps_presentmon_v241.TestMonitorScriptPresentMonV241" name="test_presentmon_v241_url" time="0.691" /><testcase classname="tests.test_fps_presentmon_v241.TestMonitorScriptPresentMonV241" name="test_no_v1_10_0" time="0.000" /><testcase classname="tests.test_fps_presentmon_v241.TestMonitorScriptPresentMonV241" name="test_double_dash_v1_metrics_flag" time="0.000" /><testcase classname="tests.test_fps_presentmon_v241.TestMonitorScriptPresentMonV241" name="test_no_single_dash_output_file" time="0.000" /><testcase classname="tests.test_fps_presentmon_v241.TestMonitorScriptPresentMonV241" name="test_read_shared_function" time="0.000" /><testcase classname="tests.test_fps_presentmon_v241.TestMonitorScriptPresentMonV241" name="test_case_insensitive_column_detect" time="0.000" /><testcase classname="tests.test_fps_presentmon_v241.TestMonitorScriptPresentMonV241" name="test_fps_functions_present" time="0.000" /><testcase classname="tests.test_fps_presentmon_v241.TestMonitorScriptPresentMonV241" name="test_monitor_branch_try_finally" time="0.000" /><testcase classname="tests.test_fps_presentmon_v241.TestMonitorScriptPresentMonV241" name="test_no_placeholders" time="0.000" /><testcase classname="tests.test_fps_presentmon_v241.TestTelemetryFpsCs2" name="test_telemetry_fps240_cs2" time="0.661" /><testcase classname="tests.test_fps_presentmon_v241.TestOtherModes" name="test_mode_ok[sync]" time="0.129" /><testcase classname="tests.test_fps_presentmon_v241.TestOtherModes" name="test_mode_ok[benchmark]" time="0.183" /><testcase classname="tests.test_fps_presentmon_v241.TestOtherModes" name="test_mode_ok[restore]" time="0.157" /><testcase classname="tests.test_fps_presentmon_v241.TestOtherModes" name="test_mode_ok[optimize]" time="0.156" /><testcase classname="tests.test_fps_presentmon_v241.TestOtherModes" name="test_optimize_with_profile" time="0.174" /><testcase classname="tests.test_fps_presentmon_v241.TestAlertsRegression" name="test_get_defaults_or_saved" time="0.050" /><testcase classname="tests.test_fps_presentmon_v241.TestAlertsRegression" name="test_put_persists" time="0.100" /></testsuite></testsuites>