<?xml version="1.0" encoding="utf-8"?><testsuites name="pytest tests"><testsuite name="pytest" errors="1" failures="0" skipped="0" tests="7" time="59.416" timestamp="2026-07-28T11:25:18.261076+00:00" hostname="agent-env-a0dd0ccb-c12c-4e20-946e-d9daea9667d9"><testcase classname="tests.test_gameplay_doctor" name="test_diagnose_regression_admin" time="30.732" /><testcase classname="tests.test_gameplay_doctor" name="test_gameplay_doctor_latest_admin_shape" time="0.057" /><testcase classname="tests.test_gameplay_doctor" name="test_gameplay_doctor_post_admin" time="27.880" /><testcase classname="tests.test_gameplay_doctor" name="test_gameplay_doctor_latest_after_post" time="0.054" /><testcase classname="tests.test_gameplay_doctor" name="test_gameplay_doctor_free_user_gated" time="0.342" /><testcase classname="tests.test_gameplay_doctor" name="test_diagnose_free_user_gated" time="0.048" /><testcase classname="tests.test_gameplay_doctor" name="test_gameplay_doctor_no_telemetry_400" time="0.149"><error message="failed on setup with &quot;assert None is not None&quot;">tests/test_gameplay_doctor.py:60: in pro_user_no_telemetry
    assert uid_doc is not None
E   assert None is not None</error></testcase></testsuite></testsuites>