<?xml version="1.0" encoding="utf-8"?><testsuites name="pytest tests"><testsuite name="pytest" errors="0" failures="1" skipped="0" tests="4" time="39.631" timestamp="2026-07-28T18:48:59.530126+00:00" hostname="agent-env-a0dd0ccb-c12c-4e20-946e-d9daea9667d9"><testcase classname="tests.test_gd_v2" name="test_unit_gd_functions" time="1.634" /><testcase classname="tests.test_gd_v2" name="test_agent_latest_version_regression" time="0.297" /><testcase classname="tests.test_gd_v2" name="test_gameplay_doctor_post_v2" time="36.805" /><testcase classname="tests.test_gd_v2" name="test_gameplay_doctor_get_latest" time="0.073"><failure message="AssertionError: assert 'timeline' in {'report': {'id': '11e4ecf9-9722-4d99-be03-255d2f399ee4', 'user_id': '6a4576b4493b6c8e1c069dc3', 'stats': {'duration_min': 5.0, 'samples': 300, 'game': 'Warzone', 'fps_avg': 140, ...}, 'report': {'executive_summary': {'main_problem': 'Throttling termico GPU con picco a 86°C causa frame da 124.5ms nella finestra 3.4–3.6 min', 'main_fix': 'Migliorare il raffreddamento GPU (curva ventole + pasta termica) e attivare il piano energetico prestazioni massime'}, 'verdict': 'La sessione è sostanzialmente stabile con FPS medi di 140 e latenza media di 20ms, ma presenta 6 episodi periodici di throttling termico GPU concentrati tra 3.4 e 3.6 minuti, con GPU a 99% di utilizzo e temperatura massima di 86°C. Due episodi isolati di saturazione CPU (util. 96%) hanno generato il frame peggiore della sessione a 155ms. Il piano energetico non ottimale rilevato sul sistema può limitare ulteriormente le frequenze disponibili.', 'health': 'minor', 'score': 63, ...}, ...}}">tests/test_gd_v2.py:78: in test_gameplay_doctor_get_latest
    assert "timeline" in data
E   AssertionError: assert 'timeline' in {'report': {'id': '11e4ecf9-9722-4d99-be03-255d2f399ee4', 'user_id': '6a4576b4493b6c8e1c069dc3', 'stats': {'duration_min': 5.0, 'samples': 300, 'game': 'Warzone', 'fps_avg': 140, ...}, 'report': {'executive_summary': {'main_problem': 'Throttling termico GPU con picco a 86°C causa frame da 124.5ms nella finestra 3.4–3.6 min', 'main_fix': 'Migliorare il raffreddamento GPU (curva ventole + pasta termica) e attivare il piano energetico prestazioni massime'}, 'verdict': 'La sessione è sostanzialmente stabile con FPS medi di 140 e latenza media di 20ms, ma presenta 6 episodi periodici di throttling termico GPU concentrati tra 3.4 e 3.6 minuti, con GPU a 99% di utilizzo e temperatura massima di 86°C. Due episodi isolati di saturazione CPU (util. 96%) hanno generato il frame peggiore della sessione a 155ms. Il piano energetico non ottimale rilevato sul sistema può limitare ulteriormente le frequenze disponibili.', 'health': 'minor', 'score': 63, ...}, ...}}</failure></testcase></testsuite></testsuites>