<?xml version="1.0" encoding="utf-8"?><testsuites name="pytest tests"><testsuite name="pytest" errors="0" failures="0" skipped="0" tests="12" time="3.260" timestamp="2026-08-01T18:24:47.882406+00:00" hostname="agent-env-a0dd0ccb-c12c-4e20-946e-d9daea9667d9"><testcase classname="tests.test_autopilot_compare_streak.TestAutopilotAdmin" name="test_status_admin_unlimited" time="0.339" /><testcase classname="tests.test_autopilot_compare_streak.TestAutopilotAdmin" name="test_start_then_result_flow" time="0.254" /><testcase classname="tests.test_autopilot_compare_streak.TestAutopilotAdmin" name="test_tweaks_applied_counter_bumped" time="0.240" /><testcase classname="tests.test_autopilot_compare_streak.TestAutopilotStarter" name="test_starter_status_limit_1" time="0.190" /><testcase classname="tests.test_autopilot_compare_streak.TestAutopilotStarter" name="test_starter_402_when_used" time="0.142" /><testcase classname="tests.test_autopilot_compare_streak.TestDeviceCompare" name="test_compare_requires_auth" time="0.094" /><testcase classname="tests.test_autopilot_compare_streak.TestDeviceCompare" name="test_compare_admin_two_devices" time="0.055" /><testcase classname="tests.test_autopilot_compare_streak.TestUriModes" name="test_autopilot_mode_allowed" time="1.572" /><testcase classname="tests.test_autopilot_compare_streak.TestStreakReminder" name="test_scheduler_job_registered" time="0.000" /><testcase classname="tests.test_autopilot_compare_streak.TestStreakReminder" name="test_reminder_idempotent" time="0.187" /><testcase classname="tests.test_autopilot_compare_streak.TestRegression" name="test_missions_ok" time="0.050" /><testcase classname="tests.test_autopilot_compare_streak.TestRegression" name="test_devices_ok" time="0.049" /></testsuite></testsuites>