<?xml version="1.0" encoding="utf-8"?><testsuites name="pytest tests"><testsuite name="pytest" errors="0" failures="0" skipped="0" tests="4" time="1.383" timestamp="2026-07-20T20:05:33.058869+00:00" hostname="agent-env-7dc8dffb-70ee-4703-abd6-d1fa117b467b"><testcase classname="tests.test_agent_zip_download" name="test_download_zip_content_length_and_integrity" time="0.569" /><testcase classname="tests.test_agent_zip_download" name="test_download_zip_second_request_same_size" time="0.338" /><testcase classname="tests.test_agent_zip_download" name="test_launcher_bat_endpoint" time="0.052" /><testcase classname="tests.test_agent_zip_download" name="test_auth_regression" time="0.054" /></testsuite></testsuites>