<?xml version="1.0" encoding="utf-8"?><testsuites name="pytest tests"><testsuite name="pytest" errors="0" failures="0" skipped="0" tests="25" time="2.260" timestamp="2026-07-30T06:57:17.612335+00:00" hostname="agent-env-a0dd0ccb-c12c-4e20-946e-d9daea9667d9"><testcase classname="tests.test_full_regression_iter48" name="test_core_get_endpoint[/api/stats]" time="0.306" /><testcase classname="tests.test_full_regression_iter48.TestAuth" name="test_login_success" time="0.354" /><testcase classname="tests.test_full_regression_iter48" name="test_core_get_endpoint[/api/products]" time="0.050" /><testcase classname="tests.test_full_regression_iter48.TestAuth" name="test_login_wrong_password" time="0.180" /><testcase classname="tests.test_full_regression_iter48" name="test_core_get_endpoint[/api/pc-specs]" time="0.043" /><testcase classname="tests.test_full_regression_iter48" name="test_core_get_endpoint[/api/pc-health]" time="0.044" /><testcase classname="tests.test_full_regression_iter48" name="test_core_get_endpoint[/api/games]" time="0.044" /><testcase classname="tests.test_full_regression_iter48" name="test_core_get_endpoint[/api/profiles]" time="0.084" /><testcase classname="tests.test_full_regression_iter48.TestAuth" name="test_protected_without_cookie" time="0.134" /><testcase classname="tests.test_full_regression_iter48" name="test_core_get_endpoint[/api/lab/history]" time="0.048" /><testcase classname="tests.test_full_regression_iter48" name="test_core_get_endpoint[/api/lab/insights]" time="0.044" /><testcase classname="tests.test_full_regression_iter48" name="test_core_get_endpoint[/api/milestones]" time="0.043" /><testcase classname="tests.test_full_regression_iter48" name="test_core_get_endpoint[/api/notifications]" time="0.043" /><testcase classname="tests.test_full_regression_iter48" name="test_core_get_endpoint[/api/alerts]" time="0.084" /><testcase classname="tests.test_full_regression_iter48" name="test_core_get_endpoint[/api/report]" time="0.042" /><testcase classname="tests.test_full_regression_iter48" name="test_advisor_chat_empty_body_422" time="0.048" /><testcase classname="tests.test_full_regression_iter48" name="test_security_headers_present" time="0.206" /><testcase classname="tests.test_full_regression_iter48" name="test_public_pages_load[/]" time="0.102" /><testcase classname="tests.test_full_regression_iter48" name="test_public_pages_load[/security]" time="0.092" /><testcase classname="tests.test_full_regression_iter48" name="test_public_pages_load[/privacy-telemetry]" time="0.117" /><testcase classname="tests.test_full_regression_iter48" name="test_public_pages_load[/changelog]" time="0.090" /><testcase classname="tests.test_full_regression_iter48" name="test_public_pages_load[/pricing]" time="0.097" /><testcase classname="tests.test_full_regression_iter48" name="test_public_pages_load[/demo]" time="0.096" /><testcase classname="tests.test_full_regression_iter48" name="test_public_pages_load[/login]" time="0.097" /><testcase classname="tests.test_full_regression_iter48" name="test_public_pages_load[/register]" time="0.104" /></testsuite></testsuites>