<?xml version="1.0" encoding="utf-8"?><testsuites name="pytest tests"><testsuite name="pytest" errors="0" failures="1" skipped="0" tests="7" time="3.706" timestamp="2026-07-20T21:57:24.539176+00:00" hostname="agent-env-7dc8dffb-70ee-4703-abd6-d1fa117b467b"><testcase classname="tests.test_llm_budget_and_bilingual_iter30" name="test_sanity_login_and_me" time="0.347" /><testcase classname="tests.test_llm_budget_and_bilingual_iter30" name="test_fps_estimate_budget_exhausted_returns_402" time="0.327" /><testcase classname="tests.test_llm_budget_and_bilingual_iter30" name="test_startup_analyze_budget_exhausted_returns_402" time="0.179"><failure message="AssertionError: {&quot;detail&quot;:[{&quot;type&quot;:&quot;dict_type&quot;,&quot;loc&quot;:[&quot;body&quot;,&quot;startup&quot;,0],&quot;msg&quot;:&quot;Input should be a valid dictionary&quot;,&quot;input&quot;:&quot;Steam.exe&quot;,&quot;url&quot;:&quot;https://errors.pydantic.dev/2.13/v/dict_type&quot;},{&quot;type&quot;:&quot;dict_type&quot;,&quot;loc&quot;:[&quot;body&quot;,&quot;startup&quot;,1],&quot;msg&quot;:&quot;Input should be a valid dictionary&quot;,&quot;input&quot;:&quot;Discord.exe&quot;,&quot;url&quot;:&quot;https://errors.pydantic.dev/2.13/v/dict_type&quot;},{&quot;type&quot;:&quot;dict_type&quot;,&quot;loc&quot;:[&quot;body&quot;,&quot;startup&quot;,2],&quot;msg&quot;:&quot;Input should be a valid dictionary&quot;,&quot;input&quot;:&quot;OneDrive.exe&quot;,&quot;url&quot;:&quot;https://errors.pydantic.dev/2.13/v/dict_type&quot;}]}&#10;assert 422 == 200&#10; +  where 422 = &lt;Response [422]&gt;.status_code">backend/tests/test_llm_budget_and_bilingual_iter30.py:77: in test_startup_analyze_budget_exhausted_returns_402
    assert seed.status_code == 200, seed.text
E   AssertionError: {"detail":[{"type":"dict_type","loc":["body","startup",0],"msg":"Input should be a valid dictionary","input":"Steam.exe","url":"https://errors.pydantic.dev/2.13/v/dict_type"},{"type":"dict_type","loc":["body","startup",1],"msg":"Input should be a valid dictionary","input":"Discord.exe","url":"https://errors.pydantic.dev/2.13/v/dict_type"},{"type":"dict_type","loc":["body","startup",2],"msg":"Input should be a valid dictionary","input":"OneDrive.exe","url":"https://errors.pydantic.dev/2.13/v/dict_type"}]}
E   assert 422 == 200
E    +  where 422 = &lt;Response [422]&gt;.status_code</failure></testcase><testcase classname="tests.test_llm_budget_and_bilingual_iter30" name="test_stream_advisor_prompt_english_when_lang_en" time="1.440" /><testcase classname="tests.test_llm_budget_and_bilingual_iter30" name="test_stream_advisor_prompt_italian_when_lang_it" time="0.000" /><testcase classname="tests.test_llm_budget_and_bilingual_iter30" name="test_agent_download_zip_regression" time="0.636" /><testcase classname="tests.test_llm_budget_and_bilingual_iter30" name="test_magic_link_endpoints_regression" time="0.095" /></testsuite></testsuites>