<?xml version="1.0" encoding="utf-8"?><testsuites name="pytest tests"><testsuite name="pytest" errors="0" failures="0" skipped="0" tests="6" time="20.630" timestamp="2026-07-25T18:43:16.548110+00:00" hostname="agent-env-7dc8dffb-70ee-4703-abd6-d1fa117b467b"><testcase classname="tests.test_build_upgrade_iter38" name="test_pc_specs_seeded" time="0.351" /><testcase classname="tests.test_build_upgrade_iter38" name="test_games_seeded" time="0.045" /><testcase classname="tests.test_build_upgrade_iter38" name="test_list_builds" time="0.047" /><testcase classname="tests.test_build_upgrade_iter38" name="test_fps_upgrade_compare" time="5.158" /><testcase classname="tests.test_build_upgrade_iter38" name="test_fps_estimate_regression" time="6.245" /><testcase classname="tests.test_build_upgrade_iter38" name="test_upgrade_analyze" time="8.703" /></testsuite></testsuites>