<?xml version="1.0" encoding="utf-8"?><testsuites name="pytest tests"><testsuite name="pytest" errors="0" failures="0" skipped="0" tests="10" time="3.830" timestamp="2026-07-20T19:28:41.545534+00:00" hostname="agent-env-7dc8dffb-70ee-4703-abd6-d1fa117b467b"><testcase classname="tests.test_deploy_fix_sanity" name="test_backend_public_endpoint_reachable" time="0.210" /><testcase classname="tests.test_deploy_fix_sanity" name="test_admin_login_returns_user_and_cookie" time="0.228" /><testcase classname="tests.test_deploy_fix_sanity" name="test_auth_me_with_cookie" time="0.357" /><testcase classname="tests.test_deploy_fix_sanity" name="test_mfa_status" time="0.082" /><testcase classname="tests.test_deploy_fix_sanity" name="test_magic_link_creation" time="0.144" /><testcase classname="tests.test_deploy_fix_sanity" name="test_agent_download_zip" time="2.637" /><testcase classname="tests.test_deploy_fix_sanity" name="test_agent_launcher_bat" time="0.090" /><testcase classname="tests.test_deploy_fix_sanity" name="test_gitignore_does_not_block_env_files" time="0.000" /><testcase classname="tests.test_deploy_fix_sanity" name="test_env_files_present_with_required_keys" time="0.000" /><testcase classname="tests.test_deploy_fix_sanity" name="test_frontend_build_uses_window_origin_for_discord_connect" time="0.005" /></testsuite></testsuites>