<?xml version="1.0" encoding="utf-8"?><testsuites name="pytest tests"><testsuite name="pytest" errors="0" failures="0" skipped="0" tests="7" time="1.316" timestamp="2026-07-29T09:48:21.745498+00:00" hostname="agent-env-a0dd0ccb-c12c-4e20-946e-d9daea9667d9"><testcase classname="tests.test_lab_phase1_endpoints" name="test_registry_safe" time="0.284" /><testcase classname="tests.test_lab_phase1_endpoints" name="test_registry_medium" time="0.046" /><testcase classname="tests.test_lab_phase1_endpoints" name="test_start_invalid_risk_422" time="0.097" /><testcase classname="tests.test_lab_phase1_endpoints" name="test_start_ok_then_double_409" time="0.189" /><testcase classname="tests.test_lab_phase1_endpoints" name="test_agent_lab_next_fake_token_401" time="0.100" /><testcase classname="tests.test_lab_phase1_endpoints" name="test_agent_script_lab_markers" time="0.208" /><testcase classname="tests.test_lab_phase1_endpoints" name="test_agent_launch_uri_lab" time="0.047" /></testsuite></testsuites>