<?xml version="1.0" encoding="utf-8"?><testsuites name="pytest tests"><testsuite name="pytest" errors="0" failures="0" skipped="0" tests="8" time="1.731" timestamp="2026-07-29T16:38:34.484166+00:00" hostname="agent-env-a0dd0ccb-c12c-4e20-946e-d9daea9667d9"><testcase classname="tests.test_lab_phase2_endpoints" name="test_registry_with_reboot" time="0.371" /><testcase classname="tests.test_lab_phase2_endpoints" name="test_registry_without_reboot" time="0.067" /><testcase classname="tests.test_lab_phase2_endpoints" name="test_start_with_include_reboot_false" time="0.275" /><testcase classname="tests.test_lab_phase2_endpoints" name="test_start_with_include_reboot_true" time="0.250" /><testcase classname="tests.test_lab_phase2_endpoints" name="test_agent_script_phase2_markers" time="0.153" /><testcase classname="tests.test_lab_phase2_endpoints" name="test_agent_fake_token_401" time="0.132" /><testcase classname="tests.test_lab_phase2_endpoints" name="test_abort_awaiting_reboot" time="0.228" /><testcase classname="tests.test_lab_phase2_endpoints" name="test_cleanup_final" time="0.120" /></testsuite></testsuites>