<?xml version="1.0" encoding="utf-8"?><testsuites name="pytest tests"><testsuite name="pytest" errors="0" failures="0" skipped="0" tests="9" time="4.209" timestamp="2026-07-03T07:47:01.387635+00:00" hostname="agent-env-7dc8dffb-70ee-4703-abd6-d1fa117b467b"><testcase classname="tests.test_live_profiles.TestTelemetry" name="test_post_no_token_401" time="0.252" /><testcase classname="tests.test_live_profiles.TestTelemetry" name="test_post_ok_and_live_true" time="2.618" /><testcase classname="tests.test_live_profiles.TestTelemetry" name="test_samples_appended" time="0.486" /><testcase classname="tests.test_live_profiles.TestTelemetry" name="test_get_returns_max_60" time="0.040" /><testcase classname="tests.test_live_profiles.TestTemplates" name="test_templates_and_catalog" time="0.041" /><testcase classname="tests.test_live_profiles.TestProfilesCRUD" name="test_create_filter_invalid_and_get_list" time="0.394" /><testcase classname="tests.test_live_profiles.TestAgentScriptProfileMonitor" name="test_valorant_profile_injected" time="0.103" /><testcase classname="tests.test_live_profiles.TestAgentScriptProfileMonitor" name="test_empty_profile" time="0.095" /><testcase classname="tests.test_live_profiles.TestAgentScriptProfileMonitor" name="test_monitor_mode" time="0.099" /></testsuite></testsuites>