<?xml version="1.0" encoding="utf-8"?><testsuites name="pytest tests"><testsuite name="pytest" errors="0" failures="0" skipped="0" tests="17" time="3.918" timestamp="2026-07-20T12:45:00.801256+00:00" hostname="agent-env-7dc8dffb-70ee-4703-abd6-d1fa117b467b"><testcase classname="tests.test_magic_link_mobile_handoff.TestAgentMagicLink" name="test_magic_link_ok" time="0.404" /><testcase classname="tests.test_magic_link_mobile_handoff.TestAgentMagicLink" name="test_magic_link_no_token" time="0.105" /><testcase classname="tests.test_magic_link_mobile_handoff.TestAgentMagicLink" name="test_magic_link_invalid_token" time="0.109" /><testcase classname="tests.test_magic_link_mobile_handoff.TestAgentMagicLink" name="test_magic_link_rate_limited" time="0.647" /><testcase classname="tests.test_magic_link_mobile_handoff.TestAgentMagicQR" name="test_qr_ok_svg" time="0.243" /><testcase classname="tests.test_magic_link_mobile_handoff.TestAgentMagicQR" name="test_qr_unknown_token_404" time="0.101" /><testcase classname="tests.test_magic_link_mobile_handoff.TestAgentMagicQR" name="test_qr_no_agent_token_401" time="0.107" /><testcase classname="tests.test_magic_link_mobile_handoff.TestMagicStatus" name="test_magic_status_unknown_404" time="0.167" /><testcase classname="tests.test_magic_link_mobile_handoff.TestMagicStatus" name="test_magic_status_unused" time="0.156" /><testcase classname="tests.test_magic_link_mobile_handoff" name="test_consume_magic_device_label[Mozilla/5.0 (Linux; Android 13; Pixel 7) AppleWebKit/537.36-Android]" time="0.256" /><testcase classname="tests.test_magic_link_mobile_handoff" name="test_consume_magic_device_label[Mozilla/5.0 (iPhone; CPU iPhone OS 17_0 like Mac OS X)-iPhone]" time="0.263" /><testcase classname="tests.test_magic_link_mobile_handoff" name="test_consume_magic_device_label[Mozilla/5.0 (Windows NT 10.0; Win64; x64) AppleWebKit/537.36-Windows]" time="0.253" /><testcase classname="tests.test_magic_link_mobile_handoff" name="test_consume_magic_device_label[Mozilla/5.0 (Macintosh; Intel Mac OS X 10_15_7)-Mac]" time="0.242" /><testcase classname="tests.test_magic_link_mobile_handoff" name="test_consume_magic_device_label[-Dispositivo sconosciuto]" time="0.250" /><testcase classname="tests.test_magic_link_mobile_handoff" name="test_consume_magic_single_use" time="0.264" /><testcase classname="tests.test_magic_link_mobile_handoff" name="test_web_magic_link_still_works" time="0.056" /><testcase classname="tests.test_magic_link_mobile_handoff" name="test_consume_magic_sets_cookies_and_returns_user" time="0.218" /></testsuite></testsuites>