<?xml version="1.0" encoding="utf-8"?><testsuites name="pytest tests"><testsuite name="pytest" errors="0" failures="0" skipped="0" tests="8" time="2.451" timestamp="2026-07-21T07:14:52.991579+00:00" hostname="agent-env-7dc8dffb-70ee-4703-abd6-d1fa117b467b"><testcase classname="tests.test_mark_announced" name="test_no_auth_returns_401" time="0.179" /><testcase classname="tests.test_mark_announced" name="test_non_admin_returns_403" time="0.305" /><testcase classname="tests.test_mark_announced" name="test_admin_marks_versions_clean" time="0.186" /><testcase classname="tests.test_mark_announced" name="test_idempotent_second_call" time="0.231" /><testcase classname="tests.test_mark_announced" name="test_empty_body_returns_400" time="0.251" /><testcase classname="tests.test_mark_announced" name="test_empty_versions_list_returns_400" time="0.665" /><testcase classname="tests.test_mark_announced" name="test_invalid_entries_are_filtered" time="0.208" /><testcase classname="tests.test_mark_announced" name="test_integration_announcer_skips_marked" time="0.273" /></testsuite></testsuites>