<?xml version="1.0" encoding="utf-8"?><testsuites name="pytest tests"><testsuite name="pytest" errors="0" failures="0" skipped="0" tests="9" time="2.143" timestamp="2026-07-21T21:19:27.900006+00:00" hostname="agent-env-7dc8dffb-70ee-4703-abd6-d1fa117b467b"><testcase classname="tests.test_monitor_lifecycle" name="test_monitor_stop_unauth" time="0.248" /><testcase classname="tests.test_monitor_lifecycle" name="test_monitor_reset_unauth" time="0.119" /><testcase classname="tests.test_monitor_lifecycle" name="test_monitor_state_unauth" time="0.210" /><testcase classname="tests.test_monitor_lifecycle" name="test_reset_initial" time="0.235" /><testcase classname="tests.test_monitor_lifecycle" name="test_state_after_reset" time="0.072" /><testcase classname="tests.test_monitor_lifecycle" name="test_telemetry_returns_stop_false" time="0.256" /><testcase classname="tests.test_monitor_lifecycle" name="test_stop_and_telemetry_returns_stop_true" time="0.254" /><testcase classname="tests.test_monitor_lifecycle" name="test_reset_clears_stop" time="0.260" /><testcase classname="tests.test_monitor_lifecycle" name="test_telemetry_invalid_token" time="0.136" /></testsuite></testsuites>