<?xml version="1.0" encoding="utf-8"?><testsuites name="pytest tests"><testsuite name="pytest" errors="0" failures="0" skipped="0" tests="12" time="2.754" timestamp="2026-08-01T10:56:14.856468+00:00" hostname="agent-env-a0dd0ccb-c12c-4e20-946e-d9daea9667d9"><testcase classname="tests.test_multi_pc" name="test_admin_list_devices" time="0.330" /><testcase classname="tests.test_multi_pc" name="test_starter_list_devices_limit_1" time="0.191" /><testcase classname="tests.test_multi_pc" name="test_admin_agent_report_creates_new_device" time="0.280" /><testcase classname="tests.test_multi_pc" name="test_starter_second_device_returns_402_device_limit" time="0.148" /><testcase classname="tests.test_multi_pc" name="test_legacy_agent_no_x_device_hits_primary" time="0.192" /><testcase classname="tests.test_multi_pc" name="test_activate_changes_active_and_pc_specs" time="0.240" /><testcase classname="tests.test_multi_pc" name="test_put_rename_and_role" time="0.310" /><testcase classname="tests.test_multi_pc" name="test_delete_test_device_and_active_fallback" time="0.299" /><testcase classname="tests.test_multi_pc" name="test_overlay_source_device_cross_pc" time="0.287" /><testcase classname="tests.test_multi_pc" name="test_pc_telemetry_admin" time="0.049" /><testcase classname="tests.test_multi_pc" name="test_missions_endpoint" time="0.048" /><testcase classname="tests.test_multi_pc" name="test_subscriptions_status" time="0.046" /></testsuite></testsuites>