<?xml version="1.0" encoding="utf-8"?><testsuites name="pytest tests"><testsuite name="pytest" errors="0" failures="0" skipped="0" tests="14" time="1.567" timestamp="2026-07-21T20:56:27.787179+00:00" hostname="agent-env-7dc8dffb-70ee-4703-abd6-d1fa117b467b"><testcase classname="tests.test_phase34_benchmarks.TestAuthGuard" name="test_fleet_percentile_401" time="0.205" /><testcase classname="tests.test_phase34_benchmarks.TestAuthGuard" name="test_guardrails_401" time="0.130" /><testcase classname="tests.test_phase34_benchmarks.TestGuardrails" name="test_baseline_no_game" time="0.624" /><testcase classname="tests.test_phase34_benchmarks.TestAuthGuard" name="test_history_401" time="0.127" /><testcase classname="tests.test_phase34_benchmarks.TestAuthGuard" name="test_sync_history_401" time="0.165" /><testcase classname="tests.test_phase34_benchmarks.TestGuardrails" name="test_game_running_blocks" time="0.174" /><testcase classname="tests.test_phase34_benchmarks.TestBenchmarksHistory" name="test_default_days" time="0.233" /><testcase classname="tests.test_phase34_benchmarks.TestGuardrails" name="test_stream_running_blocks" time="0.123" /><testcase classname="tests.test_phase34_benchmarks.TestBenchmarksHistory" name="test_days_cap" time="0.073" /><testcase classname="tests.test_phase34_benchmarks.TestGuardrails" name="test_cleanup_running_apps" time="0.061" /><testcase classname="tests.test_phase34_benchmarks.TestBenchmarksHistory" name="test_days_floor" time="0.118" /><testcase classname="tests.test_phase34_benchmarks.TestSyncHistory" name="test_default" time="0.065" /><testcase classname="tests.test_phase34_benchmarks.TestSyncHistory" name="test_days_cap" time="0.063" /><testcase classname="tests.test_phase34_benchmarks.TestFleetPercentile" name="test_response_shape" time="0.079" /></testsuite></testsuites>