<?xml version="1.0" encoding="utf-8"?><testsuites name="pytest tests"><testsuite name="pytest" errors="0" failures="0" skipped="0" tests="10" time="2.306" timestamp="2026-07-16T19:52:09.623679+00:00" hostname="agent-env-7dc8dffb-70ee-4703-abd6-d1fa117b467b"><testcase classname="tests.test_phase1_security.TestSecurityHeaders" name="test_headers_on_api_root_external" time="0.403" /><testcase classname="tests.test_phase1_security.TestSecurityHeaders" name="test_headers_on_health_local" time="0.003" /><testcase classname="tests.test_phase1_security.TestChatInputValidation" name="test_empty_message_rejected" time="0.466" /><testcase classname="tests.test_phase1_security.TestSecurityHeaders" name="test_health_external_is_not_backend" time="0.188" /><testcase classname="tests.test_phase1_security.TestChatInputValidation" name="test_over_2000_chars_rejected" time="0.051" /><testcase classname="tests.test_phase1_security.TestChatInputValidation" name="test_boundary_2000_chars_accepted" time="0.078" /><testcase classname="tests.test_phase1_security.TestAdvisorStream" name="test_short_chat_streams" time="0.499" /><testcase classname="tests.test_phase1_security.TestAdminRegression" name="test_admin_login" time="0.577" /><testcase classname="tests.test_phase1_security.TestAIRateLimit" name="test_rate_limit_returns_429" time="0.315" /><testcase classname="tests.test_phase1_security.TestAdminRegression" name="test_admin_users_aggregation" time="0.072" /></testsuite></testsuites>