<?xml version="1.0" encoding="utf-8"?><testsuites name="pytest tests"><testsuite name="pytest" errors="0" failures="1" skipped="0" tests="17" time="1.634" timestamp="2026-08-01T08:24:18.361164+00:00" hostname="agent-env-a0dd0ccb-c12c-4e20-946e-d9daea9667d9"><testcase classname="tests.test_plan_gating.TestEntitlements" name="test_starter_entitlements" time="0.321" /><testcase classname="tests.test_plan_gating.TestEntitlements" name="test_admin_streamer_entitlements" time="0.189" /><testcase classname="tests.test_plan_gating.TestAdvTweaks402" name="test_starter_402_adv_tweaks[GET-/net-result]" time="0.049" /><testcase classname="tests.test_plan_gating.TestAdvTweaks402" name="test_starter_402_adv_tweaks[GET-/prematch]" time="0.046" /><testcase classname="tests.test_plan_gating.TestAdvTweaks402" name="test_starter_402_adv_tweaks[PUT-/prematch]" time="0.045" /><testcase classname="tests.test_plan_gating.TestAdvTweaks402" name="test_starter_402_adv_tweaks[GET-/booster]" time="0.051" /><testcase classname="tests.test_plan_gating.TestAdvTweaks402" name="test_starter_402_adv_tweaks[PUT-/booster]" time="0.046" /><testcase classname="tests.test_plan_gating.TestAdvTweaks402" name="test_starter_402_adv_tweaks[GET-/booster/sessions]" time="0.044" /><testcase classname="tests.test_plan_gating.TestAdvTweaks402" name="test_starter_full_benchmark_402" time="0.047" /><testcase classname="tests.test_plan_gating.TestAdvTweaks402" name="test_starter_put_alerts_402" time="0.092" /><testcase classname="tests.test_plan_gating.TestTrophyUnlock" name="test_setting_adv_tweaks_feature_opens_endpoints" time="0.091" /><testcase classname="tests.test_plan_gating.TestTrackerLimit" name="test_starter_tracker_limit" time="0.048" /><testcase classname="tests.test_plan_gating.TestHealthHistoryLimit" name="test_starter_limited_days_7" time="0.051" /><testcase classname="tests.test_plan_gating.TestHealthHistoryLimit" name="test_admin_no_limited_days" time="0.047" /><testcase classname="tests.test_plan_gating.TestProPromotion" name="test_starter_promoted_to_pro" time="0.181" /><testcase classname="tests.test_plan_gating.TestMilestonesRewards" name="test_milestones_catalog_rewards" time="0.047" /><testcase classname="tests.test_plan_gating.TestMissionsFilter" name="test_starter_missions_no_adv_in_available" time="0.049"><failure message="AssertionError: {&quot;detail&quot;:&quot;Not Found&quot;}&#10;assert 404 == 200&#10; +  where 404 = &lt;Response [404]&gt;.status_code">backend/tests/test_plan_gating.py:294: in test_starter_missions_no_adv_in_available
    assert r.status_code == 200, r.text
E   AssertionError: {"detail":"Not Found"}
E   assert 404 == 200
E    +  where 404 = &lt;Response [404]&gt;.status_code</failure></testcase></testsuite></testsuites>