<?xml version="1.0" encoding="utf-8"?><testsuites name="pytest tests"><testsuite name="pytest" errors="0" failures="0" skipped="0" tests="8" time="1.446" timestamp="2026-07-24T14:00:44.027296+00:00" hostname="agent-env-7dc8dffb-70ee-4703-abd6-d1fa117b467b"><testcase classname="tests.test_profile_billing.TestSubscriptionStatus" name="test_status_shape_admin" time="0.285" /><testcase classname="tests.test_profile_billing.TestPaymentsPortal" name="test_portal_no_customer_returns_400" time="0.277" /><testcase classname="tests.test_profile_billing.TestPaymentsPortal" name="test_portal_unauthenticated_returns_401" time="0.105" /><testcase classname="tests.test_profile_billing.TestSubscriptionStatus" name="test_status_shape_fresh" time="0.196" /><testcase classname="tests.test_profile_billing.TestAuthIdentity" name="test_admin_auth_me" time="0.059" /><testcase classname="tests.test_profile_billing.TestLogout" name="test_logout" time="0.497" /><testcase classname="tests.test_profile_billing.TestPaymentsPortal" name="test_portal_admin_has_customer" time="0.655" /><testcase classname="tests.test_profile_billing.TestDiscordStatus" name="test_discord_status" time="0.053" /></testsuite></testsuites>