<?xml version="1.0" encoding="utf-8"?><testsuites name="pytest tests"><testsuite name="pytest" errors="0" failures="0" skipped="0" tests="12" time="1.994" timestamp="2026-07-02T23:29:39.345982+00:00" hostname="agent-env-7dc8dffb-70ee-4703-abd6-d1fa117b467b"><testcase classname="tests.test_agent_script.TestOptimizeScript" name="test_optimize_script_200" time="0.745" /><testcase classname="tests.test_agent_script.TestOtherModes" name="test_mode_returns_script[sync]" time="0.794" /><testcase classname="tests.test_agent_script.TestOptimizeScript" name="test_no_getnewclosure" time="0.141" /><testcase classname="tests.test_agent_script.TestOtherModes" name="test_mode_returns_script[benchmark]" time="0.180" /><testcase classname="tests.test_agent_script.TestOptimizeScript" name="test_uses_this_tag" time="0.162" /><testcase classname="tests.test_agent_script.TestOtherModes" name="test_mode_returns_script[restore]" time="0.151" /><testcase classname="tests.test_agent_script.TestOptimizeScript" name="test_tabcontrol_and_presets" time="0.109" /><testcase classname="tests.test_agent_script.TestOtherModes" name="test_invalid_token" time="0.094" /><testcase classname="tests.test_agent_script.TestOptimizeScript" name="test_no_placeholders" time="0.106" /><testcase classname="tests.test_agent_script.TestBenchmarkFlow" name="test_report_and_get_benchmark" time="0.140" /><testcase classname="tests.test_agent_script.TestOptimizeScript" name="test_token_and_mode_substituted" time="0.110" /><testcase classname="tests.test_agent_script.TestBenchmarkFlow" name="test_report_invalid_token" time="0.105" /></testsuite></testsuites>