<?xml version="1.0" encoding="utf-8"?><testsuites name="pytest tests"><testsuite name="pytest" errors="0" failures="0" skipped="0" tests="29" time="30.399" timestamp="2026-07-01T22:07:59.373316+00:00" hostname="agent-env-7dc8dffb-70ee-4703-abd6-d1fa117b467b"><testcase classname="tests.backend_test.TestAuth" name="test_register_login_me_logout" time="1.050" /><testcase classname="tests.backend_test.TestAuth" name="test_admin_login" time="0.387" /><testcase classname="tests.backend_test.TestAuth" name="test_login_invalid_password" time="0.366" /><testcase classname="tests.backend_test.TestAuth" name="test_me_unauthenticated" time="0.139" /><testcase classname="tests.backend_test.TestProducts" name="test_track_amazon_url_creates_product" time="0.858" /><testcase classname="tests.backend_test.TestProducts" name="test_list_products_contains_tracked" time="0.042" /><testcase classname="tests.backend_test.TestProducts" name="test_get_product_detail" time="0.045" /><testcase classname="tests.backend_test.TestProducts" name="test_set_manual_price" time="0.097" /><testcase classname="tests.backend_test.TestProducts" name="test_set_target_price" time="0.050" /><testcase classname="tests.backend_test.TestProducts" name="test_manual_price_lower_updates_lowest_price" time="0.044" /><testcase classname="tests.backend_test.TestProducts" name="test_products_search_query" time="0.190" /><testcase classname="tests.backend_test.TestProducts" name="test_delete_product" time="0.412" /><testcase classname="tests.backend_test.TestNotifications" name="test_list_notifications" time="0.050" /><testcase classname="tests.backend_test.TestNotifications" name="test_read_all_notifications" time="0.044" /><testcase classname="tests.backend_test.TestStats" name="test_stats_shape" time="0.050" /><testcase classname="tests.backend_test.TestDesktopAgent" name="test_download_agent_unauth_401" time="0.140" /><testcase classname="tests.backend_test.TestDesktopAgent" name="test_download_agent_authed_injects_token" time="0.051" /><testcase classname="tests.backend_test.TestPush" name="test_vapid_public_key" time="0.097" /><testcase classname="tests.backend_test.TestPush" name="test_subscribe_and_unsubscribe" time="0.130" /><testcase classname="tests.backend_test.TestPush" name="test_subscribe_requires_auth" time="0.099" /><testcase classname="tests.backend_test.TestPush" name="test_push_test_endpoint_graceful" time="0.091" /><testcase classname="tests.backend_test.TestAgentSpecs" name="test_agent_token_returns_token" time="0.087" /><testcase classname="tests.backend_test.TestAgentSpecs" name="test_agent_token_requires_auth" time="0.088" /><testcase classname="tests.backend_test.TestAgentSpecs" name="test_report_specs_invalid_token_401" time="0.096" /><testcase classname="tests.backend_test.TestAgentSpecs" name="test_report_specs_with_valid_token_and_read_back" time="0.178" /><testcase classname="tests.backend_test.TestAgentSpecs" name="test_pc_specs_requires_auth" time="0.110" /><testcase classname="tests.backend_test.TestManualPriceCreatesNotification" name="test_lower_manual_price_creates_notification" time="0.597" /><testcase classname="tests.backend_test.TestAIGracefulErrors" name="test_build_generate_graceful_error" time="21.399" /><testcase classname="tests.backend_test.TestAIGracefulErrors" name="test_advisor_chat_graceful_error" time="3.304" /></testsuite></testsuites>