<?xml version="1.0" encoding="utf-8"?><testsuites name="pytest tests"><testsuite name="pytest" errors="0" failures="0" skipped="0" tests="3" time="0.154" timestamp="2026-07-20T22:15:26.722829+00:00" hostname="agent-env-7dc8dffb-70ee-4703-abd6-d1fa117b467b"><testcase classname="tests.test_release_announcer" name="test_manifest_exists_and_has_12_versions" time="0.000" /><testcase classname="tests.test_release_announcer" name="test_new_entries_have_required_fields" time="0.000" /><testcase classname="tests.test_release_announcer" name="test_announcer_flow_end_to_end" time="0.133" /></testsuite></testsuites>