<?xml version="1.0" encoding="utf-8"?><testsuites name="pytest tests"><testsuite name="pytest" errors="0" failures="0" skipped="0" tests="12" time="1.999" timestamp="2026-07-16T20:56:58.700005+00:00" hostname="agent-env-7dc8dffb-70ee-4703-abd6-d1fa117b467b"><testcase classname="tests.test_secure_ps.TestRegression" name="test_health" time="0.157" /><testcase classname="tests.test_secure_ps.TestRegression" name="test_admin_login" time="0.486" /><testcase classname="tests.test_secure_ps.TestPSScriptSecurity" name="test_script_starts_with_param" time="0.771" /><testcase classname="tests.test_secure_ps.TestPSScriptSecurity" name="test_token_is_runtime_param_not_embedded" time="0.269" /><testcase classname="tests.test_secure_ps.TestPSScriptSecurity" name="test_no_irm_pipe_iex" time="0.164" /><testcase classname="tests.test_secure_ps.TestRegression" name="test_telemetry_post" time="0.587" /><testcase classname="tests.test_secure_ps.TestPSScriptSecurity" name="test_invalid_token_friendly_plaintext" time="0.106" /><testcase classname="tests.test_secure_ps.TestRegression" name="test_security_headers_present" time="0.137" /><testcase classname="tests.test_secure_ps.TestPSScriptSecurity" name="test_missing_token_friendly_plaintext" time="0.107" /><testcase classname="tests.test_secure_ps.TestShaParity" name="test_sha256_matches_script_bytes" time="0.193" /><testcase classname="tests.test_secure_ps.TestDesktopAgentDownload" name="test_download_agent_argparse_and_defaults" time="0.079" /><testcase classname="tests.test_secure_ps.TestShaParity" name="test_script_info_requires_auth" time="0.119" /></testsuite></testsuites>