<?xml version="1.0" encoding="utf-8"?><testsuites name="pytest tests"><testsuite name="pytest" errors="0" failures="0" skipped="0" tests="15" time="9.710" timestamp="2026-07-09T15:11:50.493334+00:00" hostname="agent-env-7dc8dffb-70ee-4703-abd6-d1fa117b467b"><testcase classname="tests.test_security_predeploy.TestAdminPassword" name="test_login_with_new_strong_password" time="0.440" /><testcase classname="tests.test_security_predeploy.TestCORS" name="test_preflight_allowed_origin_local" time="0.003" /><testcase classname="tests.test_security_predeploy.TestCORS" name="test_preflight_disallowed_origin_local" time="0.001" /><testcase classname="tests.test_security_predeploy.TestCORS" name="test_get_disallowed_origin_no_cors_header_local" time="0.002" /><testcase classname="tests.test_security_predeploy.TestCORS" name="test_get_allowed_origin_local" time="0.002" /><testcase classname="tests.test_security_predeploy.TestPCSpecsRegression" name="test_pc_specs_requires_auth" time="0.427" /><testcase classname="tests.test_security_predeploy.TestAdminPassword" name="test_login_with_old_weak_password_rejected" time="0.370" /><testcase classname="tests.test_security_predeploy.TestPCSpecsRegression" name="test_pc_health_available_field" time="0.818" /><testcase classname="tests.test_security_predeploy.TestAdminPassword" name="test_me_returns_admin_profile" time="0.490" /><testcase classname="tests.test_security_predeploy.TestAdminRBACRegression" name="test_admin_stats_requires_admin" time="0.695" /><testcase classname="tests.test_security_predeploy.TestProductsRegression" name="test_create_and_list_product" time="1.096" /><testcase classname="tests.test_security_predeploy.TestAdminRBACRegression" name="test_admin_users_list" time="0.076" /><testcase classname="tests.test_security_predeploy.TestProfilesRegression" name="test_profiles_endpoint_reachable" time="0.148" /><testcase classname="tests.test_security_predeploy.TestAdvisorRegression" name="test_advisor_chat_streams" time="6.534" /><testcase classname="tests.test_security_predeploy.TestUserRegression" name="test_register_login_scoped" time="0.467" /></testsuite></testsuites>