<?xml version="1.0" encoding="utf-8"?><testsuites name="pytest tests"><testsuite name="pytest" errors="0" failures="1" skipped="0" tests="7" time="8.438" timestamp="2026-07-30T11:11:44.512035+00:00" hostname="agent-env-a0dd0ccb-c12c-4e20-946e-d9daea9667d9"><testcase classname="tests.test_services_startup_flow.TestAgentScriptAntiDefender" name="test_no_wscript" time="0.460" /><testcase classname="tests.test_services_startup_flow.TestAgentScriptAntiDefender" name="test_no_comobject" time="0.002"><failure message="AssertionError: ComObject usage still present (1 line(s)): ['    $sh = New-Object -ComObject Shell.Application']&#10;assert not ['    $sh = New-Object -ComObject Shell.Application']">backend/tests/test_services_startup_flow.py:56: in test_no_comobject
    assert not occurrences, f"ComObject usage still present ({len(occurrences)} line(s)): {occurrences[:3]}"
E   AssertionError: ComObject usage still present (1 line(s)): ['    $sh = New-Object -ComObject Shell.Application']
E   assert not ['    $sh = New-Object -ComObject Shell.Application']</failure></testcase><testcase classname="tests.test_services_startup_flow.TestAgentScriptAntiDefender" name="test_has_services_and_startup_functions" time="0.000" /><testcase classname="tests.test_services_startup_flow.TestAgentScriptAntiDefender" name="test_size_and_line_count" time="0.000" /><testcase classname="tests.test_services_startup_flow.TestPowerShellSyntax" name="test_parse_no_errors" time="0.474" /><testcase classname="tests.test_services_startup_flow.TestServicesAnalyzeFlow" name="test_report_services_audit_and_analyze" time="0.149" /><testcase classname="tests.test_services_startup_flow.TestStartupAnalyzeFlow" name="test_startup_analyze_only_active" time="7.254" /></testsuite></testsuites>